<?xml version="1.0" encoding="UTF-8"?>
<!-- Generated by org.testng.reporters.JUnitXMLReporter -->
<testsuite ignored="2" hostname="DESKTOP-917K41S" failures="2" tests="8" name="Smoke" time="10.748" errors="0" timestamp="2024-01-13T22:46:27 PKT">
  <testcase classname="Tests.Login.LoginTests" name="Test1" time="0.036"/>
  <testcase classname="Tests.Login.LoginTests" name="Test2" time="0.03">
    <failure type="java.lang.AssertionError" message="expected [true] but found [false]">
      <![CDATA[java.lang.AssertionError: expected [true] but found [false]
at Tests.Login.LoginTests.Test2(LoginTests.java:18)
at java.base/java.util.ArrayList.forEach(ArrayList.java:1511)
... Removed 29 stack frames]]>
    </failure>
  </testcase> <!-- Test2 -->
  <testcase classname="Tests.Login.LoginTests" name="Test3" time="0.002"/>
  <testcase classname="Tests.Login.LoginTests" name="Test4" time="0.003"/>
  <testcase classname="Tests.Login.LoginTests2" name="Test1" time="0.002"/>
  <testcase classname="Tests.Login.LoginTests2" name="Test2" time="0.006">
    <failure type="java.lang.AssertionError" message="expected [true] but found [false]">
      <![CDATA[java.lang.AssertionError: expected [true] but found [false]
at Tests.Login.LoginTests2.Test2(LoginTests2.java:18)
at java.base/java.util.ArrayList.forEach(ArrayList.java:1511)
... Removed 29 stack frames]]>
    </failure>
  </testcase> <!-- Test2 -->
  <testcase classname="Tests.Login.LoginTests2" name="Test3" time="0.003"/>
  <testcase classname="Tests.Login.LoginTests2" name="Test4" time="0.003"/>
  <testcase classname="Utils.BasePage" name="@AfterTest tearDown" time="0.0">
    <ignored/>
  </testcase> <!-- @AfterTest tearDown -->
  <testcase classname="Utils.BasePage" name="@BeforeTest setup" time="0.0">
    <ignored/>
  </testcase> <!-- @BeforeTest setup -->
</testsuite> <!-- Smoke -->
